<?xml version="1.0" encoding="UTF-8"?>
<testng-results ignored="0" total="1" passed="1" failed="0" skipped="0">
  <reporter-output>
  </reporter-output>
  <suite started-at="2023-12-20T19:58:21 IST" name="Default suite" finished-at="2023-12-20T19:58:46 IST" duration-ms="24604">
    <groups>
    </groups>
    <test started-at="2023-12-20T19:58:21 IST" name="Default test" finished-at="2023-12-20T19:58:46 IST" duration-ms="24604">
      <class name="maven.Calender1">
        <test-method signature="calender()[pri:0, instance:maven.Calender1@6f46426d]" started-at="2023-12-20T19:58:21 IST" name="calender" finished-at="2023-12-20T19:58:46 IST" duration-ms="24576" status="PASS">
          <reporter-output>
          </reporter-output>
        </test-method> <!-- calender -->
      </class> <!-- maven.Calender1 -->
    </test> <!-- Default test -->
  </suite> <!-- Default suite -->
</testng-results>
